

Microchip MPLAB XC8 Assembler V2.10 build 88905656 
                                                                                               Mon Sep 16 16:19:50 2019

Microchip MPLAB XC8 C Compiler v2.10 (Free license) build 20190730164152 Og1 
     1                           	processor	16F883
     2                           	opt	pw 120
     3                           	opt	flic
     4                           	psect	cinit,global,class=CODE,merge=1,delta=2
     5                           	psect	cstackCOMMON,global,class=COMMON,space=1,delta=1
     6                           	psect	maintext,global,class=CODE,split=1,delta=2
     7                           	dabs	1,0x7E,2
     8  0000                     
     9                           ; Version 2.10
    10                           ; Generated 31/07/2019 GMT
    11                           ; 
    12                           ; Copyright © 2019, Microchip Technology Inc. and its subsidiaries ("Microchip")
    13                           ; All rights reserved.
    14                           ; 
    15                           ; This software is developed by Microchip Technology Inc. and its subsidiaries ("Microch
      +                          ip").
    16                           ; 
    17                           ; Redistribution and use in source and binary forms, with or without modification, are
    18                           ; permitted provided that the following conditions are met:
    19                           ; 
    20                           ;     1. Redistributions of source code must retain the above copyright notice, this lis
      +                          t of
    21                           ;        conditions and the following disclaimer.
    22                           ; 
    23                           ;     2. Redistributions in binary form must reproduce the above copyright notice, this 
      +                          list
    24                           ;        of conditions and the following disclaimer in the documentation and/or other
    25                           ;        materials provided with the distribution.
    26                           ; 
    27                           ;     3. Microchip's name may not be used to endorse or promote products derived from th
      +                          is
    28                           ;        software without specific prior written permission.
    29                           ; 
    30                           ; THIS SOFTWARE IS PROVIDED BY MICROCHIP "AS IS" AND ANY EXPRESS OR IMPLIED WARRANTIES,
    31                           ; INCLUDING, BUT NOT LIMITED TO, THE IMPLIED WARRANTIES OF MERCHANTABILITY AND FITNESS F
      +                          OR
    32                           ; PURPOSE ARE DISCLAIMED.  IN NO EVENT SHALL MICROCHIP BE LIABLE FOR ANY DIRECT, INDIREC
      +                          T,
    33                           ; INCIDENTAL, SPECIAL, EXEMPLARY, OR CONSEQUENTIAL DAMAGES (INCLUDING BUT NOT LIMITED TO
    34                           ; PROCUREMENT OF SUBSTITUTE GOODS OR SERVICES; LOSS OF USE, DATA OR PROFITS; OR BUSINESS
    35                           ; INTERRUPTION) HOWSOEVER CAUSED AND ON ANY THEORY OF LIABILITY, WHETHER IN CONTRACT, ST
      +                          RICT
    36                           ; LIABILITY, OR TORT (INCLUDING NEGLIGENCE OR OTHERWISE) ARISING IN ANY WAY OUT OF THE U
      +                          SE OF
    37                           ; THIS SOFTWARE, EVEN IF ADVISED OF THE POSSIBILITY OF SUCH DAMAGE.
    38                           ; 
    39                           ; 
    40                           ; Code-generator required, PIC16F883 Definitions
    41                           ; 
    42                           ; SFR Addresses
    43  0000                     	;# 
    44  0001                     	;# 
    45  0002                     	;# 
    46  0003                     	;# 
    47  0004                     	;# 
    48  0005                     	;# 
    49  0006                     	;# 
    50  0007                     	;# 
    51  0009                     	;# 
    52  000A                     	;# 
    53  000B                     	;# 
    54  000C                     	;# 
    55  000D                     	;# 
    56  000E                     	;# 
    57  000E                     	;# 
    58  000F                     	;# 
    59  0010                     	;# 
    60  0011                     	;# 
    61  0012                     	;# 
    62  0013                     	;# 
    63  0014                     	;# 
    64  0015                     	;# 
    65  0015                     	;# 
    66  0016                     	;# 
    67  0017                     	;# 
    68  0018                     	;# 
    69  0019                     	;# 
    70  001A                     	;# 
    71  001B                     	;# 
    72  001B                     	;# 
    73  001C                     	;# 
    74  001D                     	;# 
    75  001E                     	;# 
    76  001F                     	;# 
    77  0081                     	;# 
    78  0085                     	;# 
    79  0086                     	;# 
    80  0087                     	;# 
    81  0089                     	;# 
    82  008C                     	;# 
    83  008D                     	;# 
    84  008E                     	;# 
    85  008F                     	;# 
    86  0090                     	;# 
    87  0091                     	;# 
    88  0092                     	;# 
    89  0093                     	;# 
    90  0093                     	;# 
    91  0093                     	;# 
    92  0094                     	;# 
    93  0095                     	;# 
    94  0096                     	;# 
    95  0097                     	;# 
    96  0098                     	;# 
    97  0099                     	;# 
    98  009A                     	;# 
    99  009B                     	;# 
   100  009C                     	;# 
   101  009D                     	;# 
   102  009E                     	;# 
   103  009F                     	;# 
   104  0105                     	;# 
   105  0107                     	;# 
   106  0108                     	;# 
   107  0109                     	;# 
   108  010C                     	;# 
   109  010C                     	;# 
   110  010D                     	;# 
   111  010E                     	;# 
   112  010F                     	;# 
   113  0185                     	;# 
   114  0187                     	;# 
   115  0188                     	;# 
   116  0189                     	;# 
   117  018C                     	;# 
   118  018D                     	;# 
   119  0000                     	;# 
   120  0001                     	;# 
   121  0002                     	;# 
   122  0003                     	;# 
   123  0004                     	;# 
   124  0005                     	;# 
   125  0006                     	;# 
   126  0007                     	;# 
   127  0009                     	;# 
   128  000A                     	;# 
   129  000B                     	;# 
   130  000C                     	;# 
   131  000D                     	;# 
   132  000E                     	;# 
   133  000E                     	;# 
   134  000F                     	;# 
   135  0010                     	;# 
   136  0011                     	;# 
   137  0012                     	;# 
   138  0013                     	;# 
   139  0014                     	;# 
   140  0015                     	;# 
   141  0015                     	;# 
   142  0016                     	;# 
   143  0017                     	;# 
   144  0018                     	;# 
   145  0019                     	;# 
   146  001A                     	;# 
   147  001B                     	;# 
   148  001B                     	;# 
   149  001C                     	;# 
   150  001D                     	;# 
   151  001E                     	;# 
   152  001F                     	;# 
   153  0081                     	;# 
   154  0085                     	;# 
   155  0086                     	;# 
   156  0087                     	;# 
   157  0089                     	;# 
   158  008C                     	;# 
   159  008D                     	;# 
   160  008E                     	;# 
   161  008F                     	;# 
   162  0090                     	;# 
   163  0091                     	;# 
   164  0092                     	;# 
   165  0093                     	;# 
   166  0093                     	;# 
   167  0093                     	;# 
   168  0094                     	;# 
   169  0095                     	;# 
   170  0096                     	;# 
   171  0097                     	;# 
   172  0098                     	;# 
   173  0099                     	;# 
   174  009A                     	;# 
   175  009B                     	;# 
   176  009C                     	;# 
   177  009D                     	;# 
   178  009E                     	;# 
   179  009F                     	;# 
   180  0105                     	;# 
   181  0107                     	;# 
   182  0108                     	;# 
   183  0109                     	;# 
   184  010C                     	;# 
   185  010C                     	;# 
   186  010D                     	;# 
   187  010E                     	;# 
   188  010F                     	;# 
   189  0185                     	;# 
   190  0187                     	;# 
   191  0188                     	;# 
   192  0189                     	;# 
   193  018C                     	;# 
   194  018D                     	;# 
   195  0005                     _PORTAbits	set	5
   196  0086                     _TRISB	set	134
   197  0085                     _TRISA	set	133
   198  0189                     _ANSELH	set	393
   199  0188                     _ANSEL	set	392
   200                           
   201                           ; #config settings
   202  0000                     
   203                           	psect	cinit
   204  07FD                     start_initialization:	
   205  07FD                     __initialization:	
   206  07FD                     end_of_initialization:	
   207                           ;End of C runtime variable initialization code
   208                           
   209  07FD                     __end_of__initialization:	
   210  07FD  0183               	clrf	3
   211  07FE  118A  2FD6         	ljmp	_main	;jump to C main() function
   212                           
   213                           	psect	cstackCOMMON
   214  0070                     __pcstackCOMMON:	
   215  0070                     ?_main:	
   216  0070                     ??_main:	
   217                           ; 1 bytes @ 0x0
   218                           
   219                           
   220                           ; 1 bytes @ 0x0
   221  0070                     	ds	2
   222                           
   223                           	psect	maintext
   224  07D6                     __pmaintext:	
   225 ;;
   226 ;;Main: autosize = 0, tempsize = 2, incstack = 0, save=0
   227 ;;
   228 ;; *************** function _main *****************
   229 ;; Defined at:
   230 ;;		line 44 in file "main.c"
   231 ;; Parameters:    Size  Location     Type
   232 ;;		None
   233 ;; Auto vars:     Size  Location     Type
   234 ;;		None
   235 ;; Return value:  Size  Location     Type
   236 ;;                  1    wreg      void 
   237 ;; Registers used:
   238 ;;		wreg, status,2
   239 ;; Tracked objects:
   240 ;;		On entry : B00/0
   241 ;;		On exit  : 0/0
   242 ;;		Unchanged: 0/0
   243 ;; Data sizes:     COMMON   BANK0   BANK1   BANK2
   244 ;;      Params:         0       0       0       0
   245 ;;      Locals:         0       0       0       0
   246 ;;      Temps:          2       0       0       0
   247 ;;      Totals:         2       0       0       0
   248 ;;Total ram usage:        2 bytes
   249 ;; This function calls:
   250 ;;		Nothing
   251 ;; This function is called by:
   252 ;;		Startup code after reset
   253 ;; This function uses a non-reentrant model
   254 ;;
   255                           
   256                           
   257                           ;psect for function _main
   258  07D6                     _main:	
   259  07D6                     l612:	
   260                           ;incstack = 0
   261                           ; Regs used in _main: [wreg+status,2]
   262                           
   263  07D6  1683               	bsf	3,5	;RP0=1, select bank3
   264  07D7  1703               	bsf	3,6	;RP1=1, select bank3
   265  07D8  0188               	clrf	8	;volatile
   266  07D9  0189               	clrf	9	;volatile
   267  07DA  1683               	bsf	3,5	;RP0=1, select bank1
   268  07DB  1303               	bcf	3,6	;RP1=0, select bank1
   269  07DC  0185               	clrf	5	;volatile
   270  07DD                     l614:	
   271  07DD  3001               	movlw	1
   272  07DE  0086               	movwf	6	;volatile
   273  07DF                     l616:	
   274  07DF  1283               	bcf	3,5	;RP0=0, select bank0
   275  07E0  1303               	bcf	3,6	;RP1=0, select bank0
   276  07E1  1405               	bsf	5,0	;volatile
   277  07E2                     l618:	
   278  07E2  1283               	bcf	3,5	;RP0=0, select bank0
   279  07E3  1303               	bcf	3,6	;RP1=0, select bank0
   280  07E4  1405               	bsf	5,0	;volatile
   281  07E5                     l620:	
   282  07E5  301A               	movlw	26
   283  07E6  00F1               	movwf	??_main+1
   284  07E7  30F8               	movlw	248
   285  07E8  00F0               	movwf	??_main
   286  07E9                     u17:	
   287  07E9  0BF0               	decfsz	??_main,f
   288  07EA  2FE9               	goto	u17
   289  07EB  0BF1               	decfsz	??_main+1,f
   290  07EC  2FE9               	goto	u17
   291  07ED  0000               	nop
   292  07EE                     l622:	
   293  07EE  1283               	bcf	3,5	;RP0=0, select bank0
   294  07EF  1303               	bcf	3,6	;RP1=0, select bank0
   295  07F0  1005               	bcf	5,0	;volatile
   296  07F1                     l624:	
   297  07F1  301A               	movlw	26
   298  07F2  00F1               	movwf	??_main+1
   299  07F3  30F8               	movlw	248
   300  07F4  00F0               	movwf	??_main
   301  07F5                     u27:	
   302  07F5  0BF0               	decfsz	??_main,f
   303  07F6  2FF5               	goto	u27
   304  07F7  0BF1               	decfsz	??_main+1,f
   305  07F8  2FF5               	goto	u27
   306  07F9  0000               	nop
   307  07FA  2FE2               	goto	l618
   308  07FB  118A  2800         	ljmp	start
   309  07FD                     __end_of_main:	
   310  007E                     btemp	set	126	;btemp
   311  007E                     wtemp0	set	126


Data Sizes:
    Strings     0
    Constant    0
    Data        0
    BSS         0
    Persistent  0
    Stack       0

Auto Spaces:
    Space          Size  Autos    Used
    COMMON           14      2       2
    BANK0            80      0       0
    BANK1            80      0       0
    BANK2            80      0       0

Pointer List with Targets:

    None.

Critical Paths under _main in COMMON

    None.

Critical Paths under _main in BANK0

    None.

Critical Paths under _main in BANK1

    None.

Critical Paths under _main in BANK2

    None.

Call Graph Tables:

 ---------------------------------------------------------------------------------
 (Depth) Function   	        Calls       Base Space   Used Autos Params    Refs
 ---------------------------------------------------------------------------------
 (0) _main                                                 2     2      0       0
                                              0 COMMON     2     2      0
 ---------------------------------------------------------------------------------
 Estimated maximum stack depth 0
 ---------------------------------------------------------------------------------

 Call Graph Graphs:

 _main (ROOT)

 Address spaces:
Name               Size   Autos  Total    Cost      Usage
BITCOMMON            E      0       0       0        0.0%
EEDATA             100      0       0       0        0.0%
NULL                 0      0       0       0        0.0%
CODE                 0      0       0       0        0.0%
COMMON               E      2       2       1       14.3%
BITSFR0              0      0       0       1        0.0%
SFR0                 0      0       0       1        0.0%
BITSFR1              0      0       0       2        0.0%
SFR1                 0      0       0       2        0.0%
STACK                0      0       0       2        0.0%
BANK0               50      0       0       3        0.0%
BITBANK1            50      0       0       4        0.0%
BITSFR3              0      0       0       4        0.0%
SFR3                 0      0       0       4        0.0%
BANK1               50      0       0       5        0.0%
BITSFR2              0      0       0       5        0.0%
SFR2                 0      0       0       5        0.0%
BITBANK2            50      0       0       6        0.0%
BANK2               50      0       0       7        0.0%
ABS                  0      0       0       8        0.0%
BITBANK0            50      0       0       9        0.0%
DATA                 0      0       0      10        0.0%


Microchip Technology PIC Macro Assembler V2.10 build 88905656 
Symbol Table                                                                                   Mon Sep 16 16:19:50 2019

            __CFG_CP$OFF 0000                       u17 07E9                       u27 07F5  
                    l620 07E5                      l612 07D6                      l622 07EE  
                    l614 07DD                      l624 07F1                      l616 07DF  
                    l618 07E2             __CFG_CPD$OFF 0000             __CFG_FOSC$XT 0000  
           __CFG_LVP$OFF 0000             __CFG_WRT$OFF 0000                     _main 07D6  
                   btemp 007E                     start 0000            __CFG_IESO$OFF 0000  
          __CFG_MCLRE$ON 0000                    ?_main 0070            __CFG_WDTE$OFF 0000  
                  _ANSEL 0188                    _TRISA 0085                    _TRISB 0086  
         __CFG_FCMEN$OFF 0000           __CFG_BOREN$OFF 0000                    status 0003  
                  wtemp0 007E          __initialization 07FD             __end_of_main 07FD  
                 ??_main 0070                   _ANSELH 0189           __CFG_PWRTE$OFF 0000  
__end_of__initialization 07FD           __pcstackCOMMON 0070               __pmaintext 07D6  
   end_of_initialization 07FD                _PORTAbits 0005      start_initialization 07FD  
              ___latbits 0001        __CFG_BOR4V$BOR40V 0000            __size_of_main 0027  
